Flow report for Single_cycle_RISC
Thu Mar 12 16:27:11 2026
Quartus II 64-Bit Version 13.0.1 Build 232 06/12/2013 Service Pack 1 SJ Web Edition


---------------------
; Table of Contents ;
---------------------
  1. Legal Notice
  2. Flow Summary
  3. Flow Settings
  4. Flow Non-Default Global Settings
  5. Flow Elapsed Time
  6. Flow OS Summary
  7. Flow Log
  8. Flow Messages
  9. Flow Suppressed Messages



----------------
; Legal Notice ;
----------------
Copyright (C) 1991-2013 Altera Corporation
Your use of Altera Corporation's design tools, logic functions 
and other software and tools, and its AMPP partner logic 
functions, and any output files from any of the foregoing 
(including device programming or simulation files), and any 
associated documentation or information are expressly subject 
to the terms and conditions of the Altera Program License 
Subscription Agreement, Altera MegaCore Function License 
Agreement, or other applicable license agreement, including, 
without limitation, that your use is for the sole purpose of 
programming logic devices manufactured by Altera and sold by 
Altera or its authorized distributors.  Please refer to the 
applicable agreement for further details.



+--------------------------------------------------------------------------------------+
; Flow Summary                                                                         ;
+------------------------------------+-------------------------------------------------+
; Flow Status                        ; Successful - Thu Mar 12 16:27:11 2026           ;
; Quartus II 64-Bit Version          ; 13.0.1 Build 232 06/12/2013 SP 1 SJ Web Edition ;
; Revision Name                      ; Single_cycle_RISC                               ;
; Top-level Entity Name              ; Datapath                                        ;
; Family                             ; Cyclone IV E                                    ;
; Device                             ; EP4CE115F29C7                                   ;
; Timing Models                      ; Final                                           ;
; Total logic elements               ; 205 / 114,480 ( < 1 % )                         ;
;     Total combinational functions  ; 196 / 114,480 ( < 1 % )                         ;
;     Dedicated logic registers      ; 72 / 114,480 ( < 1 % )                          ;
; Total registers                    ; 72                                              ;
; Total pins                         ; 53 / 529 ( 10 % )                               ;
; Total virtual pins                 ; 0                                               ;
; Total memory bits                  ; 8,448 / 3,981,312 ( < 1 % )                     ;
; Embedded Multiplier 9-bit elements ; 0 / 532 ( 0 % )                                 ;
; Total PLLs                         ; 0 / 4 ( 0 % )                                   ;
+------------------------------------+-------------------------------------------------+


+-----------------------------------------+
; Flow Settings                           ;
+-------------------+---------------------+
; Option            ; Setting             ;
+-------------------+---------------------+
; Start date & time ; 03/12/2026 16:23:52 ;
; Main task         ; Compilation         ;
; Revision Name     ; Single_cycle_RISC   ;
+-------------------+---------------------+


+--------------------------------------------------------------------------------------------------------------------------------+
; Flow Non-Default Global Settings                                                                                               ;
+-------------------------------------+---------------------------------------+-------------------+-------------+----------------+
; Assignment Name                     ; Value                                 ; Default Value     ; Entity Name ; Section Id     ;
+-------------------------------------+---------------------------------------+-------------------+-------------+----------------+
; COMPILER_SIGNATURE_ID               ; 345051237366.177334703132028          ; --                ; --          ; --             ;
; EDA_GENERATE_FUNCTIONAL_NETLIST     ; On                                    ; --                ; --          ; eda_simulation ;
; EDA_OUTPUT_DATA_FORMAT              ; Verilog Hdl                           ; --                ; --          ; eda_simulation ;
; EDA_SIMULATION_TOOL                 ; ModelSim-Altera (Verilog)             ; <None>            ; --          ; --             ;
; IP_TOOL_NAME                        ; ROM: 1-PORT                           ; --                ; --          ; --             ;
; IP_TOOL_NAME                        ; RAM: 2-PORT                           ; --                ; --          ; --             ;
; IP_TOOL_VERSION                     ; 13.0                                  ; --                ; --          ; --             ;
; IP_TOOL_VERSION                     ; 13.0                                  ; --                ; --          ; --             ;
; MAX_CORE_JUNCTION_TEMP              ; 85                                    ; --                ; --          ; --             ;
; MIN_CORE_JUNCTION_TEMP              ; 0                                     ; --                ; --          ; --             ;
; MISC_FILE                           ; InstructionMem.cmp                    ; --                ; --          ; --             ;
; MISC_FILE                           ; DataMem.cmp                           ; --                ; --          ; --             ;
; NOMINAL_CORE_SUPPLY_VOLTAGE         ; 1.2V                                  ; --                ; --          ; --             ;
; PARTITION_COLOR                     ; 16764057                              ; --                ; Datapath    ; Top            ;
; PARTITION_FITTER_PRESERVATION_LEVEL ; PLACEMENT_AND_ROUTING                 ; --                ; Datapath    ; Top            ;
; PARTITION_NETLIST_TYPE              ; SOURCE                                ; --                ; Datapath    ; Top            ;
; POWER_BOARD_THERMAL_MODEL           ; None (CONSERVATIVE)                   ; --                ; --          ; --             ;
; POWER_PRESET_COOLING_SOLUTION       ; 23 MM HEAT SINK WITH 200 LFPM AIRFLOW ; --                ; --          ; --             ;
; PROJECT_OUTPUT_DIRECTORY            ; output_files                          ; --                ; --          ; --             ;
; TOP_LEVEL_ENTITY                    ; Datapath                              ; Single_cycle_RISC ; --          ; --             ;
+-------------------------------------+---------------------------------------+-------------------+-------------+----------------+


+-------------------------------------------------------------------------------------------------------------------------------+
; Flow Elapsed Time                                                                                                             ;
+---------------------------+--------------+-------------------------+---------------------+------------------------------------+
; Module Name               ; Elapsed Time ; Average Processors Used ; Peak Virtual Memory ; Total CPU Time (on all processors) ;
+---------------------------+--------------+-------------------------+---------------------+------------------------------------+
; Analysis & Synthesis      ; 00:00:07     ; 1.0                     ; 4662 MB             ; 00:00:05                           ;
; Fitter                    ; 00:00:22     ; 1.0                     ; 5012 MB             ; 00:00:20                           ;
; Assembler                 ; 00:00:06     ; 1.0                     ; 4585 MB             ; 00:00:05                           ;
; TimeQuest Timing Analyzer ; 00:00:07     ; 1.0                     ; 4674 MB             ; 00:00:04                           ;
; EDA Netlist Writer        ; 00:00:01     ; 1.0                     ; 4534 MB             ; 00:00:01                           ;
; EDA Netlist Writer        ; 00:00:02     ; 1.0                     ; 4536 MB             ; 00:00:02                           ;
; EDA Netlist Writer        ; 00:00:02     ; 1.0                     ; 4546 MB             ; 00:00:02                           ;
; Total                     ; 00:00:47     ; --                      ; --                  ; 00:00:39                           ;
+---------------------------+--------------+-------------------------+---------------------+------------------------------------+


+----------------------------------------------------------------------------------------+
; Flow OS Summary                                                                        ;
+---------------------------+------------------+-----------+------------+----------------+
; Module Name               ; Machine Hostname ; OS Name   ; OS Version ; Processor type ;
+---------------------------+------------------+-----------+------------+----------------+
; Analysis & Synthesis      ; 1850-19RDSH4     ; Windows 7 ; 6.2        ; x86_64         ;
; Fitter                    ; 1850-19RDSH4     ; Windows 7 ; 6.2        ; x86_64         ;
; Assembler                 ; 1850-19RDSH4     ; Windows 7 ; 6.2        ; x86_64         ;
; TimeQuest Timing Analyzer ; 1850-19RDSH4     ; Windows 7 ; 6.2        ; x86_64         ;
; EDA Netlist Writer        ; 1850-19RDSH4     ; Windows 7 ; 6.2        ; x86_64         ;
; EDA Netlist Writer        ; 1850-19RDSH4     ; Windows 7 ; 6.2        ; x86_64         ;
; EDA Netlist Writer        ; 1850-19RDSH4     ; Windows 7 ; 6.2        ; x86_64         ;
+---------------------------+------------------+-----------+------------+----------------+


------------
; Flow Log ;
------------
quartus_map --read_settings_files=on --write_settings_files=off Single_cycle_RISC -c Single_cycle_RISC
quartus_fit --read_settings_files=off --write_settings_files=off Single_cycle_RISC -c Single_cycle_RISC
quartus_asm --read_settings_files=off --write_settings_files=off Single_cycle_RISC -c Single_cycle_RISC
quartus_sta Single_cycle_RISC -c Single_cycle_RISC
quartus_eda --read_settings_files=off --write_settings_files=off Single_cycle_RISC -c Single_cycle_RISC
quartus_eda --gen_testbench --check_outputs=on --tool=modelsim_oem --format=verilog Single_cycle_RISC -c Single_cycle_RISC --vector_source=H:/CEG3156_Lab_2/DatapathTest.vwf --testbench_file=./simulation/qsim/Single_cycle_RISC.vt
quartus_eda --functional=on --simulation=on --tool=modelsim_oem --format=verilog Single_cycle_RISC -c Single_cycle_RISC



